[2015-07-08 09:43:04] DEBUG "Getting data from http://v1.syndication.nhschoices.nhs.uk/services/types/stitestingandtreatment//location"
[2015-07-08 09:43:04] DEBUG "Set data for locationdata::51.525503::-0.0822229 into cache"
[2015-07-08 09:43:04] DEBUG "Getting data from http://v1.syndication.nhschoices.nhs.uk/services/types/stitestingandtreatment//9303295"
[2015-07-08 09:43:05] DEBUG "Set data for clinic::9303295 into cache"
[2015-07-08 10:06:14] DEBUG "Posting data to http://v1.syndication.nhschoices.nhs.uk/services/types/stitestingandtreatment/place?apikey=OYTNBXPJ"
[2015-07-08 10:06:15] DEBUG "Set data for placename::london into cache"
[2015-07-08 10:06:22] DEBUG "Posting data to http://v1.syndication.nhschoices.nhs.uk/services/types/stitestingandtreatment/postcode?apikey=OYTNBXPJ"
[2015-07-08 10:06:22] WARN "Error code 400 returned from API."
[2015-07-08 10:06:22] DEBUG "Set data for postcode::IV808PU into cache"
[2015-07-08 10:06:27] DEBUG "Posting data to http://v1.syndication.nhschoices.nhs.uk/services/types/stitestingandtreatment/place?apikey=OYTNBXPJ"
[2015-07-08 10:06:28] WARN "Error code 404 returned from API."
[2015-07-08 10:06:28] DEBUG "Set data for placename::elgin into cache"
[2015-07-08 10:06:37] DEBUG "Posting data to http://v1.syndication.nhschoices.nhs.uk/services/types/stitestingandtreatment/place?apikey=OYTNBXPJ"
[2015-07-08 10:06:37] WARN "Error code 404 returned from API."
[2015-07-08 10:06:37] DEBUG "Set data for placename::aberdeen into cache"
[2015-07-08 10:06:47] DEBUG "Posting data to http://v1.syndication.nhschoices.nhs.uk/services/types/stitestingandtreatment/postcode?apikey=OYTNBXPJ"
[2015-07-08 10:06:47] WARN "Error code 400 returned from API."
[2015-07-08 10:06:47] DEBUG "Set data for postcode::EH76LB into cache"
[2015-07-08 10:06:58] DEBUG "Posting data to http://v1.syndication.nhschoices.nhs.uk/services/types/stitestingandtreatment/postcode?apikey=OYTNBXPJ"
[2015-07-08 10:06:58] WARN "Error code 400 returned from API."
[2015-07-08 10:06:58] DEBUG "Set data for postcode::EH66LB into cache"
